{'start_time': '2020-03-16 16:44:29', 'use_time': '1970-01-01 08:00:00', 'path': '/apps/detail/1'}
{'start_time': '2020-03-16 16:44:34', 'use_time': '1970-01-01 08:00:00', 'path': '/apps/detail/2'}
{'start_time': '2020-03-16 16:46:06', 'use_time': '1970-01-01 08:00:00', 'path': '/apps/detail/1'}
{'start_time': '2020-03-16 16:46:13', 'use_time': '1970-01-01 08:00:00', 'path': '/apps/index/'}
{'start_time': '2020-03-16 17:39:41', 'use_time': '1970-01-01 08:00:00', 'path': '/apps/index/'}
{'start_time': '2020-03-16 17:39:42', 'use_time': '1970-01-01 08:00:00', 'path': '/favicon.ico'}
{'start_time': '2020-03-16 17:40:31', 'use_time': '1970-01-01 08:00:00', 'path': '/apps/detail/1'}
{'start_time': '2020-03-16 17:42:30', 'use_time': '1970-01-01 08:00:00', 'path': '/apps/detail/1'}
{'start_time': '2020-03-16 17:42:48', 'use_time': '1970-01-01 08:00:00', 'path': '/apps/detail/2'}
{'start_time': '2020-03-16 17:50:59', 'use_time': '1970-01-01 08:00:00', 'path': '/apps/detail/2'}
{'start_time': '2020-03-16 17:52:08', 'use_time': '1970-01-01 08:00:00', 'path': '/apps/detail/2'}
{'start_time': '2020-03-17 09:10:23', 'use_time': '1970-01-01 08:00:00', 'path': '/admin/'}
{'start_time': '2020-03-17 09:10:23', 'use_time': '1970-01-01 08:00:00', 'path': '/admin/login/'}
{'start_time': '2020-03-17 09:10:23', 'use_time': '1970-01-01 08:00:00', 'path': '/static/admin/css/base.css'}
{'start_time': '2020-03-17 09:10:23', 'use_time': '1970-01-01 08:00:00', 'path': '/static/admin/css/login.css'}
{'start_time': '2020-03-17 09:10:23', 'use_time': '1970-01-01 08:00:00', 'path': '/static/admin/css/responsive.css'}
{'start_time': '2020-03-17 09:10:24', 'use_time': '1970-01-01 08:00:00', 'path': '/favicon.ico'}
{'start_time': '2020-03-17 09:10:36', 'use_time': '1970-01-01 08:00:00', 'path': '/apps/index/'}
{'start_time': '2020-03-17 09:10:59', 'use_time': '1970-01-01 08:00:00', 'path': '/'}
{'start_time': '2020-03-17 09:11:34', 'use_time': '1970-01-01 08:00:00', 'path': '/apps/index/'}
{'start_time': '2020-03-17 09:11:58', 'use_time': '1970-01-01 08:00:00', 'path': '/apps/hello/'}
{'start_time': '2020-03-17 09:13:02', 'use_time': '1970-01-01 08:00:00', 'path': '/apps/index/'}
{'start_time': '2020-03-17 09:30:08', 'use_time': '1970-01-01 08:00:00', 'path': '/apps/index/'}
{'start_time': '2020-03-17 09:31:48', 'use_time': '1970-01-01 08:00:00', 'path': '/apps/index/'}
{'start_time': '2020-03-17 09:33:49', 'use_time': '1970-01-01 08:00:00', 'path': '/apps/index/'}
{'start_time': '2020-03-17 09:34:01', 'use_time': '1970-01-01 08:00:00', 'path': '/apps/detail/1'}
{'start_time': '2020-03-17 09:35:21', 'use_time': '1970-01-01 08:00:00', 'path': '/apps/detail/1'}
{'start_time': '2020-03-17 09:35:27', 'use_time': '1970-01-01 08:00:00', 'path': '/apps/detail/2'}
{'start_time': '2020-03-17 09:48:41', 'use_time': '1970-01-01 08:00:00', 'path': '/apps/detail/0'}
{'start_time': '2020-03-17 09:48:45', 'use_time': '1970-01-01 08:00:00', 'path': '/apps/detail/1'}
